<?xml version="1.0" encoding="UTF-8"?>
<!-- Generated by org.testng.reporters.JUnitXMLReporter -->
<testsuite hostname="HBOGQUIROZKD" ignored="0" name="Default test" tests="10" failures="0" timestamp="2020-02-21T02:26:13 COT" time="451.085" errors="0">
  <testcase name="cp001DetalleConsumos" time="60.727" classname="com.appclaro.automatizacion.ProyectoBase.PruebaFuncionalTest"/>
  <testcase name="cp001_Postpago" time="3.247" classname="com.appclaro.automatizacion.ProyectoBase.PruebaFuncionalTest"/>
  <testcase name="cp002PagaTuFactura" time="79.163" classname="com.appclaro.automatizacion.ProyectoBase.PruebaFuncionalTest"/>
  <testcase name="cp003DetalleDeTuPlan" time="62.638" classname="com.appclaro.automatizacion.ProyectoBase.PruebaFuncionalTest"/>
  <testcase name="cp013_Prepago" time="0.253" classname="com.appclaro.automatizacion.ProyectoBase.PruebaFuncionalTest"/>
  <testcase name="cp014_execSaldosConsumos" time="52.302" classname="com.appclaro.automatizacion.ProyectoBase.PruebaFuncionalTest"/>
  <testcase name="cp015_execDetallePlanPre" time="47.212" classname="com.appclaro.automatizacion.ProyectoBase.PruebaFuncionalTest"/>
  <testcase name="cp000Hogar" time="0.275" classname="com.appclaro.automatizacion.ProyectoBase.PruebaFuncionalTest"/>
  <testcase name="cp012DetalleDeTuPlanHogar" time="64.593" classname="com.appclaro.automatizacion.ProyectoBase.PruebaFuncionalTest"/>
  <testcase name="cp013PagaFactura" time="80.608" classname="com.appclaro.automatizacion.ProyectoBase.PruebaFuncionalTest"/>
</testsuite> <!-- Default test -->
