<?xml version="1.0" encoding="UTF-8"?>
<!-- Generated by org.testng.reporters.JUnitXMLReporter -->
<testsuite hostname="HBOGSEPULVEDADC" ignored="0" name="cp001_LoginPersonas" tests="1" failures="1" timestamp="2019-09-02T16:44:22 COT" time="0.042" errors="0">
  <testcase name="@AfterMethod teardown" time="0.0" classname="com.appclaro.automatizacion.ProyectoBase.LoginTest">
    <failure type="java.lang.NullPointerException">
      <![CDATA[java.lang.NullPointerException
at com.appclaro.automatizacion.ProyectoBase.LoginTest.teardown(LoginTest.java:37)
at java.util.ArrayList.forEach(Unknown Source)
... Removed 32 stack frames]]>
    </failure>
  </testcase> <!-- @AfterMethod teardown -->
  <testcase name="cp001_LoginPersonas" time="0.004" classname="com.appclaro.automatizacion.ProyectoBase.LoginTest">
    <failure type="java.lang.NullPointerException">
      <![CDATA[java.lang.NullPointerException
at com.appclaro.automatizacion.ProyectoBase.Login.setTxtUser(Login.java:32)
at com.appclaro.automatizacion.ProyectoBase.LoginTest.cp001_LoginPersonas(LoginTest.java:30)
at java.util.ArrayList.forEach(Unknown Source)
... Removed 27 stack frames]]>
    </failure>
  </testcase> <!-- cp001_LoginPersonas -->
</testsuite> <!-- cp001_LoginPersonas -->
