<?xml version="1.0" encoding="UTF-8"?>
<testng-results skipped="0" failed="0" ignored="0" total="10" passed="10">
  <reporter-output>
  </reporter-output>
  <suite name="Default suite" duration-ms="451085" started-at="2020-02-21T02:18:42 COT" finished-at="2020-02-21T02:26:13 COT">
    <groups>
    </groups>
    <test name="Default test" duration-ms="451085" started-at="2020-02-21T02:18:42 COT" finished-at="2020-02-21T02:26:13 COT">
      <class name="com.appclaro.automatizacion.ProyectoBase.PruebaFuncionalTest">
        <test-method status="PASS" signature="setup()[pri:0, instance:com.appclaro.automatizacion.ProyectoBase.PruebaFuncionalTest@7fe8ea47]" name="setup" is-config="true" duration-ms="4038" started-at="2020-02-21T02:18:38 COT" finished-at="2020-02-21T02:18:42 COT">
          <reporter-output>
          </reporter-output>
        </test-method> <!-- setup -->
        <test-method status="PASS" signature="cp001DetalleConsumos()[pri:0, instance:com.appclaro.automatizacion.ProyectoBase.PruebaFuncionalTest@7fe8ea47]" name="cp001DetalleConsumos" duration-ms="60727" started-at="2020-02-21T02:18:42 COT" finished-at="2020-02-21T02:19:43 COT">
          <reporter-output>
          </reporter-output>
        </test-method> <!-- cp001DetalleConsumos -->
        <test-method status="PASS" signature="cp001_Postpago()[pri:0, instance:com.appclaro.automatizacion.ProyectoBase.PruebaFuncionalTest@7fe8ea47]" name="cp001_Postpago" duration-ms="3247" started-at="2020-02-21T02:19:43 COT" finished-at="2020-02-21T02:19:46 COT">
          <reporter-output>
          </reporter-output>
        </test-method> <!-- cp001_Postpago -->
        <test-method status="PASS" signature="cp002PagaTuFactura()[pri:2, instance:com.appclaro.automatizacion.ProyectoBase.PruebaFuncionalTest@7fe8ea47]" name="cp002PagaTuFactura" duration-ms="79163" started-at="2020-02-21T02:19:46 COT" depends-on-methods="com.appclaro.automatizacion.ProyectoBase.PruebaFuncionalTest.cp001_Postpago" finished-at="2020-02-21T02:21:05 COT">
          <reporter-output>
          </reporter-output>
        </test-method> <!-- cp002PagaTuFactura -->
        <test-method status="PASS" signature="cp003DetalleDeTuPlan()[pri:3, instance:com.appclaro.automatizacion.ProyectoBase.PruebaFuncionalTest@7fe8ea47]" name="cp003DetalleDeTuPlan" duration-ms="62638" started-at="2020-02-21T02:21:05 COT" finished-at="2020-02-21T02:22:08 COT">
          <reporter-output>
          </reporter-output>
        </test-method> <!-- cp003DetalleDeTuPlan -->
        <test-method status="PASS" signature="cp013_Prepago()[pri:13, instance:com.appclaro.automatizacion.ProyectoBase.PruebaFuncionalTest@7fe8ea47]" name="cp013_Prepago" duration-ms="253" started-at="2020-02-21T02:22:08 COT" finished-at="2020-02-21T02:22:08 COT">
          <reporter-output>
          </reporter-output>
        </test-method> <!-- cp013_Prepago -->
        <test-method status="PASS" signature="cp014_execSaldosConsumos()[pri:0, instance:com.appclaro.automatizacion.ProyectoBase.PruebaFuncionalTest@7fe8ea47]" name="cp014_execSaldosConsumos" duration-ms="52302" started-at="2020-02-21T02:22:08 COT" depends-on-methods="com.appclaro.automatizacion.ProyectoBase.PruebaFuncionalTest.cp013_Prepago" finished-at="2020-02-21T02:23:00 COT">
          <reporter-output>
          </reporter-output>
        </test-method> <!-- cp014_execSaldosConsumos -->
        <test-method status="PASS" signature="cp015_execDetallePlanPre()[pri:15, instance:com.appclaro.automatizacion.ProyectoBase.PruebaFuncionalTest@7fe8ea47]" name="cp015_execDetallePlanPre" duration-ms="47212" started-at="2020-02-21T02:23:00 COT" finished-at="2020-02-21T02:23:48 COT">
          <reporter-output>
          </reporter-output>
        </test-method> <!-- cp015_execDetallePlanPre -->
        <test-method status="PASS" signature="cp000Hogar()[pri:31, instance:com.appclaro.automatizacion.ProyectoBase.PruebaFuncionalTest@7fe8ea47]" name="cp000Hogar" duration-ms="275" started-at="2020-02-21T02:23:48 COT" finished-at="2020-02-21T02:23:48 COT">
          <reporter-output>
          </reporter-output>
        </test-method> <!-- cp000Hogar -->
        <test-method status="PASS" signature="cp012DetalleDeTuPlanHogar()[pri:32, instance:com.appclaro.automatizacion.ProyectoBase.PruebaFuncionalTest@7fe8ea47]" name="cp012DetalleDeTuPlanHogar" duration-ms="64593" started-at="2020-02-21T02:23:48 COT" finished-at="2020-02-21T02:24:53 COT">
          <reporter-output>
          </reporter-output>
        </test-method> <!-- cp012DetalleDeTuPlanHogar -->
        <test-method status="PASS" signature="cp013PagaFactura()[pri:33, instance:com.appclaro.automatizacion.ProyectoBase.PruebaFuncionalTest@7fe8ea47]" name="cp013PagaFactura" duration-ms="80608" started-at="2020-02-21T02:24:53 COT" finished-at="2020-02-21T02:26:13 COT">
          <reporter-output>
          </reporter-output>
        </test-method> <!-- cp013PagaFactura -->
        <test-method status="PASS" signature="teardown()[pri:0, instance:com.appclaro.automatizacion.ProyectoBase.PruebaFuncionalTest@7fe8ea47]" name="teardown" is-config="true" duration-ms="1" started-at="2020-02-21T02:26:13 COT" finished-at="2020-02-21T02:26:13 COT">
          <reporter-output>
          </reporter-output>
        </test-method> <!-- teardown -->
      </class> <!-- com.appclaro.automatizacion.ProyectoBase.PruebaFuncionalTest -->
    </test> <!-- Default test -->
  </suite> <!-- Default suite -->
</testng-results>
